Start testing: Feb 18 06:32 MST
----------------------------------------------------------
1/12 Testing: fixed_t_tests
1/12 Test: fixed_t_tests
Command: "/home/geoffrey/doomlegacy-svn/legacy/trunk/build/test_fixed_t"
Directory: /home/geoffrey/doomlegacy-svn/legacy/trunk/build
"fixed_t_tests" start time: Feb 18 06:32 MST
Output:
----------------------------------------------------------
========================================
fixed_t Unit Tests
========================================

[Constructor Tests]
  default_constructor ... PASS
  int_constructor ... PASS
  float_constructor ... PASS
  double_constructor ... PASS
  copy_constructor ... PASS

[Arithmetic Tests]
  addition ... PASS
  subtraction ... PASS
  multiplication_fixed_fixed ... PASS
  multiplication_int_fixed ... PASS
  multiplication_fixed_int ... PASS
  division_fixed_fixed ... PASS
  division_fixed_int ... PASS
  unary_minus ... PASS

[Assignment Operator Tests]
  assignment ... PASS
  add_assignment ... PASS
  sub_assignment ... PASS
  mul_assignment_fixed ... PASS
  mul_assignment_int ... PASS
  div_assignment_fixed ... PASS
  div_assignment_int ... PASS

[Comparison Operator Tests]
  equality ... PASS
  inequality ... PASS
  less_than ... PASS
  greater_than ... PASS
  less_equal ... PASS
  greater_equal ... PASS

[Bit Shift Tests]
  left_shift ... PASS
  right_shift ... PASS
  left_shift_assignment ... PASS
  right_shift_assignment ... PASS

[Edge Case Tests]
  limits ... PASS
  abs ... PASS
  frac ... PASS
  float_conversion ... PASS
  trunc ... PASS
  floor ... PASS
  ceil ... PASS

[Modulus Tests]
  modulus ... PASS

[Logical Tests]
  logical_not ... PASS

[Precision Tests]
  precision_half ... PASS
  precision_quarter ... PASS
  precision_small ... PASS

[Negative Value Tests]
  negative_addition ... PASS
  negative_multiplication ... PASS
  negative_division ... PASS

========================================
Results: 45/45 tests passed
========================================
<end of output>
Test time =   0.00 sec
----------------------------------------------------------
Test Passed.
"fixed_t_tests" end time: Feb 18 06:32 MST
"fixed_t_tests" time elapsed: 00:00:00
----------------------------------------------------------

2/12 Testing: save_load_unit_tests
2/12 Test: save_load_unit_tests
Command: "/home/geoffrey/doomlegacy-svn/legacy/trunk/build/test_save_load_unit"
Directory: /home/geoffrey/doomlegacy-svn/legacy/trunk/build
"save_load_unit_tests" start time: Feb 18 06:32 MST
Output:
----------------------------------------------------------
========================================
Save/Load Unit Tests
========================================

[Unit Tests - SAVE_VERSION]
  SAVE_VERSION = 139 ... PASS
  SAVE_VERSION is positive ... PASS
  SAVE_VERSION is defined ... PASS
  SAVE_VERSION edge cases ... PASS

[Component Tests - Save Structure]
  savegame_header placeholder ... PASS
  savegame_header has version field ... PASS

[Integration Tests - Save/Load]
  save version compatibility check ... PASS
  savegame read/write cycle ... PASS
  savegame version migration ... PASS

========================================
Results: 9/9 tests passed
========================================
<end of output>
Test time =   0.00 sec
----------------------------------------------------------
Test Passed.
"save_load_unit_tests" end time: Feb 18 06:32 MST
"save_load_unit_tests" time elapsed: 00:00:00
----------------------------------------------------------

3/12 Testing: serialization_tests
3/12 Test: serialization_tests
Command: "/home/geoffrey/doomlegacy-svn/legacy/trunk/build/test_serialization"
Directory: /home/geoffrey/doomlegacy-svn/legacy/trunk/build
"serialization_tests" start time: Feb 18 06:32 MST
Output:
----------------------------------------------------------
Running serialization tests...
  int_serialization ... PASS
  fixed_serialization ... PASS
  fixed_negative_serialization ... PASS
  fixed_fractional_serialization ... PASS

Results: 4/4 tests passed
<end of output>
Test time =   0.00 sec
----------------------------------------------------------
Test Passed.
"serialization_tests" end time: Feb 18 06:32 MST
"serialization_tests" time elapsed: 00:00:00
----------------------------------------------------------

4/12 Testing: mapinfo_constants_tests
4/12 Test: mapinfo_constants_tests
Command: "/home/geoffrey/doomlegacy-svn/legacy/trunk/build/test_mapinfo_constants"
Directory: /home/geoffrey/doomlegacy-svn/legacy/trunk/build
"mapinfo_constants_tests" start time: Feb 18 06:32 MST
Output:
----------------------------------------------------------
========================================
Map Info Constants Tests
========================================

[Unit Tests - MAP_* Constants]
  MapInfo::MAP_UNLOADED = -1 ... PASS
  MapInfo::MAP_RUNNING = 0 ... PASS
  MAP states are valid ... PASS
  MapInfo::mapstate_e enum values ... PASS

[Unit Tests - CLUSTER_* Constants]
  CLUSTER_UNDEFINED = -1 ... PASS
  CLUSTER_EXTERNAL_TEXTURES = 1 ... PASS
  CLUSTER_FOG = 2 ... PASS
  CLUSTER values are valid ... PASS

[Integration Tests - Constants]
  MAP_* constants are independent ... PASS
  CLUSTER_* constants are independent ... PASS
  MAP_* and CLUSTER_* values ... PASS

========================================
Results: 11/11 tests passed
========================================
<end of output>
Test time =   0.00 sec
----------------------------------------------------------
Test Passed.
"mapinfo_constants_tests" end time: Feb 18 06:32 MST
"mapinfo_constants_tests" time elapsed: 00:00:00
----------------------------------------------------------

5/12 Testing: tnl_packet_tests
5/12 Test: tnl_packet_tests
Command: "/home/geoffrey/doomlegacy-svn/legacy/trunk/build/test_tnl_packets"
Directory: /home/geoffrey/doomlegacy-svn/legacy/trunk/build
"tnl_packet_tests" start time: Feb 18 06:32 MST
Output:
----------------------------------------------------------
========================================
TNL Packet Tests
========================================

[Basic BitStream Tests]
 bitstream_write_int8 ... PASS
 bitstream_write_int32 ... PASS
 bitstream_write_float ... PASS
 bitstream_write_string ... PASS
 bitstream_write_empty_string ... PASS

[Connection Packet Tests]
 connection_packet_write_read ... PASS
 connection_packet_buffer_size ... PASS

[Fixed_t Serialization Tests]
 fixed_t_pack_unpack ... PASS
 fixed_t_serialization_precision ... PASS

[Multi-Value Packet Tests]
 game_state_packet ... PASS

[Bit-Precision Tests]
 bitstream_int_with_bits ... PASS
 bitstream_int_boundaries ... PASS

[String Serialization Tests]
 long_string_serialization ... PASS
 special_chars_in_string ... PASS

========================================
Results: 14/14 tests passed
========================================
<end of output>
Test time =   0.00 sec
----------------------------------------------------------
Test Passed.
"tnl_packet_tests" end time: Feb 18 06:32 MST
"tnl_packet_tests" time elapsed: 00:00:00
----------------------------------------------------------

6/12 Testing: actor_tests
6/12 Test: actor_tests
Command: "/home/geoffrey/doomlegacy-svn/legacy/trunk/build/test_actor"
Directory: /home/geoffrey/doomlegacy-svn/legacy/trunk/build
"actor_tests" start time: Feb 18 06:32 MST
Output:
----------------------------------------------------------
=== Actor Tests ===
  MF_SOLID flag exists ... PASS
  MF_SHOOTABLE flag exists ... PASS
  MF_NOGRAVITY flag exists ... PASS
  MF_MISSILE flag exists ... PASS
  MF_MONSTER flag exists ... PASS
  MF_PLAYER flag exists ... PASS
  MF_SPECIAL flag exists ... PASS
  MF2_LOGRAV flag exists ... PASS
  MF2_FLOORBOUNCE flag exists ... PASS
  MF2_PUSHABLE flag exists ... PASS
  MF2_INVULNERABLE flag exists ... PASS
  MF2_IMPACT flag exists ... PASS
  MFE_ONGROUND flag exists ... PASS
  MFE_ONMOBJ flag exists ... PASS
  MFE_UNDERWATER flag exists ... PASS
  MFE_SWIMMING flag exists ... PASS
  MFE_FLY flag exists ... PASS
  Actor class is defined ... PASS
  Actor members accessible through reflection ... PASS
  ONFLOORZ constant defined ... PASS
  ONCEILINGZ constant defined ... PASS
  Actor Top() method exists ... PASS
  Actor Center() method exists ... PASS
  Actor Feet() method exists ... PASS
  Actor has health field ... PASS
  Actor has flags field ... PASS
  Actor has flags2 field ... PASS
  Actor has eflags field ... PASS
  Actor has radius and height fields ... PASS
  Actor has pos and vel vectors ... PASS
  Actor has owner and target pointers ... PASS
  DActor class exists ... PASS
  TELEFOGHEIGHT constant exists ... PASS
  FOOTCLIPSIZE constant exists ... PASS
  PlayerPawn inherits from Actor ... PASS
  PlayerPawn has player member for step-up ... PASS

Results: 36/36 tests passed
<end of output>
Test time =   0.00 sec
----------------------------------------------------------
Test Passed.
"actor_tests" end time: Feb 18 06:32 MST
"actor_tests" time elapsed: 00:00:00
----------------------------------------------------------

7/12 Testing: console_tests
7/12 Test: console_tests
Command: "/home/geoffrey/doomlegacy-svn/legacy/trunk/build/test_console"
Directory: /home/geoffrey/doomlegacy-svn/legacy/trunk/build
"console_tests" start time: Feb 18 06:32 MST
Output:
----------------------------------------------------------
=== Command Buffer Tests ===
  command_buffer_t class is defined ... PASS
  command_buffer_t has required fields ... PASS
  CV_SAVE flag exists ... PASS
  CV_CALL flag exists ... PASS
  CV_NETVAR flag exists ... PASS
  CV_FLOAT flag exists ... PASS
  CV_MODIFIED flag exists ... PASS
  CV_ANNOUNCE flag exists ... PASS
  CV_PossibleValue_t structure exists ... PASS
  CV_OnOff array exists ... PASS
  CV_YesNo array exists ... PASS
  CV_Unsigned array exists ... PASS
  MAX_ARGS constant defined ... PASS
  COM global command buffer exists ... PASS
  consvar_t structure exists ... PASS
  CV_NOTINNET flag exists ... PASS
  CV_NOINIT flag exists ... PASS
  CV_ANNOUNCE_ONCE flag exists ... PASS
  CV_HIDDEN flag exists ... PASS
  CV_HANDLER flag exists ... PASS

Results: 20/20 tests passed
<end of output>
Test time =   0.00 sec
----------------------------------------------------------
Test Passed.
"console_tests" end time: Feb 18 06:32 MST
"console_tests" time elapsed: 00:00:00
----------------------------------------------------------

8/12 Testing: vector_tests
8/12 Test: vector_tests
Command: "/home/geoffrey/doomlegacy-svn/legacy/trunk/build/test_vector"
Directory: /home/geoffrey/doomlegacy-svn/legacy/trunk/build
"vector_tests" start time: Feb 18 06:32 MST
Output:
----------------------------------------------------------
=== Vector Math Tests ===
  vec_t default constructor creates zero vector ... PASS
  vec_t parameterized constructor sets components ... PASS
  vec_t copy constructor works ... PASS
  vec_t assignment operator works ... PASS
  vec_t Set method works ... PASS
  vec_t addition operator works ... PASS
  vec_t subtraction operator works ... PASS
  vec_t scalar multiplication works ... PASS
  vec_t scalar division works ... PASS
  vec_t compound addition (+=) works ... PASS
  vec_t compound subtraction (-=) works ... PASS
  vec_t compound scalar multiplication (*=) works ... PASS
  vec_t compound scalar division (/=) works ... PASS
  vec_t unary minus works ... PASS
  vec_t dot product works ... PASS
  vec_t cross product works ... PASS
  vec_t Norm calculates magnitude correctly ... PASS
  vec_t Norm2 calculates squared magnitude correctly ... PASS
  vec_t XYNorm2 calculates squared XY magnitude correctly ... PASS
  vec_t polar coordinate methods exist ... PASS
  vec_t equality operator works ... PASS
  vec_t inequality operator works ... PASS
  vec_t left shift (<<) works ... PASS
  vec_t right shift (>>) works ... PASS

Results: 24/24 tests passed
<end of output>
Test time =   0.00 sec
----------------------------------------------------------
Test Passed.
"vector_tests" end time: Feb 18 06:32 MST
"vector_tests" time elapsed: 00:00:00
----------------------------------------------------------

9/12 Testing: demos_integration_tests
9/12 Test: demos_integration_tests
Command: "/home/geoffrey/doomlegacy-svn/legacy/trunk/build/test_demos_integration"
Directory: /home/geoffrey/doomlegacy-svn/legacy/trunk/build
"demos_integration_tests" start time: Feb 18 06:32 MST
Output:
----------------------------------------------------------
========================================
Demo Recording Integration Tests
========================================

[Unit Tests - DEMOMARKER_* Constants]
  DEMOMARKER_PLAYER = 0 ... PASS
  DEMOMARKER_TOTAL = 1 ... PASS
  DEMOMARKER_END = 255 ... PASS
  DEMOMARKER_* values are unique ... PASS
  DEMOMARKER_* values in valid range ... PASS

[Component Tests - Marker Operations]
  Demo marker detection ... PASS
  Demo marker identification ... PASS

[Integration Tests - Demo Recording/Playback]
  demo_header_t placeholder ... PASS
  Demo header version field ... PASS
  Demo ticcmd storage ... PASS
  Demo playback synchronization ... PASS
  Demo marker placement during recording ... PASS
  Demo marker recognition during playback ... PASS
  Demo end detection ... PASS

========================================
Results: 14/14 tests passed
========================================
<end of output>
Test time =   0.00 sec
----------------------------------------------------------
Test Passed.
"demos_integration_tests" end time: Feb 18 06:32 MST
"demos_integration_tests" time elapsed: 00:00:00
----------------------------------------------------------

10/12 Testing: network_integration_tests
10/12 Test: network_integration_tests
Command: "/home/geoffrey/doomlegacy-svn/legacy/trunk/build/test_network_integration"
Directory: /home/geoffrey/doomlegacy-svn/legacy/trunk/build
"network_integration_tests" start time: Feb 18 06:32 MST
Output:
----------------------------------------------------------
========================================
Network Integration Tests
========================================

[Connection Establishment Tests]
  connection_disconnected_initial_state ... PASS
  connection_initiate ... PASS
  connection_accept ... PASS
  connection_disconnect ... PASS
  connection_double_connect_fails ... PASS
  connection_from_connected_fails ... PASS
  connection_accept_from_disconnected ... PASS
  connection_multiple_clients ... PASS
  connection_ping_measurement ... PASS

[Network Interface Tests]
  network_interface_initial_state ... PASS
  network_interface_send_packet ... PASS
  network_interface_receive_packet ... PASS
  network_interface_no_incoming ... PASS
  network_interface_multiple_packets ... PASS
  network_interface_address_getters ... PASS
  network_interface_packet_loss ... PASS
  network_interface_packet_loss_disabled ... PASS

[Packet Exchange Tests]
  packet_exchange_basic ... PASS
  packet_exchange_response ... PASS
  packet_sequence_numbers ... PASS
  packet_data_integrity ... PASS
  packet_empty_data ... PASS
  packet_large_data ... PASS
  packet_address_preservation ... PASS

[Packet Type Tests]
  packet_types_connection_request ... PASS
  packet_types_connection_accept ... PASS
  packet_types_disconnect ... PASS
  packet_types_ping ... PASS
  packet_types_data ... PASS

========================================
Results: 29/29 tests passed
========================================
<end of output>
Test time =   0.00 sec
----------------------------------------------------------
Test Passed.
"network_integration_tests" end time: Feb 18 06:32 MST
"network_integration_tests" time elapsed: 00:00:00
----------------------------------------------------------

11/12 Testing: parity_tests
11/12 Test: parity_tests
Command: "/home/geoffrey/doomlegacy-svn/legacy/trunk/build/test_parity"
Directory: /home/geoffrey/doomlegacy-svn/legacy/trunk/build
"parity_tests" start time: Feb 18 06:32 MST
Output:
----------------------------------------------------------
========================================
C++ vs C Parity Tests
Reference: legacy_one/trunk/src/
========================================

These tests verify C++ implementation matches C version.
FAILING tests indicate missing parity - implement to match C.

[Fixed-Point Math Tests]
Reference: legacy_one/src/m_fixed.c
  fixed_add basic ... PASS
  fixed_subtract basic ... PASS
  fixed_multiply ... PASS
  fixed_divide ... PASS
  fixed_operators ... PASS
  fixed_fracbits precision ... PASS
  fixed_min_max constants ... PASS

[TICmd Tests]
Reference: legacy_one/src/d_ticcmd.h
  ticcmd_structure ... PASS
  BT_ATTACK=1 ... PASS
  BT_USE=2 ... PASS
  BT_JUMP=4 ... PASS
  BT_FLYDOWN=8 ... PASS

[Actor/Monster Tests]
Reference: legacy_one/src/info.c, p_enemy.c

  [MT_* mobjtype_t constants - expected values from legacy_one]
  MT_PLAYER should = 0
  MT_POSSESSED should = 1
  MT_SHOTGUY should = 2
  MT_CHAINGUY should = 3
  [Requires info.h with MT_* definitions]
PASS
PASS
PASS
PASS
  MT_* parity check ... PASS

  [MF_* mobjflag_t constants - expected values from legacy_one]
  MF_SOLID should = 0x0001
  MF_SHOOTABLE should = 0x0002
  MF_NOGRAVITY should = 0x0008
  [Requires g_actor.h with MF_* definitions]
FAIL: MF_SOLID must equal 0x0001
    Expected: 1 (0x1)
    Got:      4 (0x4)

  [MF2_* mobjflag2_t constants - expected values from legacy_one]
  MF2_LOGRAV should = 0x0001
  MF2_WINDTHRUST should = 0x0002
  [Requires g_actor.h with MF2_* definitions]
PASS
PASS
  MF2_* parity check ... PASS

[Map Parsing Tests]
Reference: legacy_one/src/g_mapinfo.c

  [MAP_* constants - expected values from legacy_one]
  MAP_UNLOADED should = -1
  MAP_RUNNING should = 0
  [Requires g_mapinfo.h with MAP_* definitions]
PASS
PASS
  MAP_* parity check ... PASS

  [CLUSTER_* constants - expected values from legacy_one]
  CLUSTER_UNDEFINED should = -1
  CLUSTER_EXTERNAL_TEXTURES should = 1
  CLUSTER_FOG should = 2
  [Requires g_mapinfo.h with CLUSTER_* definitions]
PASS
PASS
PASS
  CLUSTER_* parity check ... PASS

[Console/UI Tests]
Reference: legacy_one/src/console.c

  [COLOR_* constants - expected values from legacy_one]
  COLOR_BLACK should = 0
  COLOR_WHITE should = 7
  COLOR_RED should = 4
  COLOR_GREEN should = 2
  COLOR_BLUE should = 1
PASS
PASS
PASS
PASS
PASS
  COLOR_* parity check ... PASS

[Save/Load Tests]
Reference: legacy_one/src/savegame.c

  [SAVE_VERSION constant - expected value from legacy_one]
  SAVE_VERSION should = 139
  [Requires savegame.h with SAVE_VERSION definition]
PASS
  SAVE_VERSION parity check ... PASS

[Demo Recording Tests]
Reference: legacy_one/src/d_main.c

  [DEMOMARKER_* constants - expected values from legacy_one]
  DEMOMARKER_PLAYER should = 0
  DEMOMARKER_TOTAL should = 1
  DEMOMARKER_END should = 255
  [Requires d_main.h with DEMOMARKER_* definitions]
PASS
PASS
PASS
  DEMOMARKER_* parity check ... PASS

========================================
Results: 15/44 passed, 1 FAILED
========================================

IMPLEMENTATION ROADMAP:
----------------------
Failed tests indicate C++ constants missing or incorrect.
Add/update headers to match legacy_one C values.
<end of output>
Test time =   0.00 sec
----------------------------------------------------------
Test Failed.
"parity_tests" end time: Feb 18 06:32 MST
"parity_tests" time elapsed: 00:00:00
----------------------------------------------------------

12/12 Testing: console_colors_tests
12/12 Test: console_colors_tests
Command: "/home/geoffrey/doomlegacy-svn/legacy/trunk/build/test_console_colors"
Directory: /home/geoffrey/doomlegacy-svn/legacy/trunk/build
"console_colors_tests" start time: Feb 18 06:32 MST
Output:
----------------------------------------------------------
========================================
Console COLOR Unit Tests
========================================

[Unit Tests - COLOR_* Constants]
  COLOR_* range 0-15 ... PASS
  COLOR_* basic order ... PASS
  COLOR_* groups (dark/bright) ... PASS
  COLOR_* matches VGA palette ... PASS
  COLOR_* light versions ... PASS

[Component Tests - Color Operations]
  color_to_rgb conversion ... PASS
  color blending operations ... PASS

[Integration Tests - Console Usage]
  console color initialization ... PASS
  color palette setup ... PASS

========================================
Results: 9/9 tests passed
========================================
<end of output>
Test time =   0.00 sec
----------------------------------------------------------
Test Passed.
"console_colors_tests" end time: Feb 18 06:32 MST
"console_colors_tests" time elapsed: 00:00:00
----------------------------------------------------------

End testing: Feb 18 06:32 MST
